Using pre-set license
Built from '2020.3/staging' branch; Version is '2020.3.11f1 (99c7afb366b3) revision 10078127'; Using compiler version '192528614'; Build Type 'Release'
OS: 'Windows 10 Pro; OS build 19042.1052; Version 2009; 64bit' Language: 'en' Physical Memory: 16347 MB
BatchMode: 1, IsHumanControllingUs: 0, StartBugReporterOnCrash: 0, Is64bit: 1, IsPro: 0

 COMMAND LINE ARGUMENTS:
C:\Program Files\Unity\Hub\Editor\2020.3.11f1\Editor\Unity.exe
-adb2
-batchMode
-noUpm
-name
AssetImportWorker0
-projectPath
D:/Projects/PooUnidadII
-logFile
Logs/AssetImportWorker0.log
-srvPort
62537
Successfully changed project path to: D:/Projects/PooUnidadII
D:/Projects/PooUnidadII
Using Asset Import Pipeline V2.
Refreshing native plugins compatible for Editor in 42.47 ms, found 3 plugins.
Preloading 0 native plugins for Editor in 0.00 ms.
Initialize engine version: 2020.3.11f1 (99c7afb366b3)
[Subsystems] Discovering subsystems at path C:/Program Files/Unity/Hub/Editor/2020.3.11f1/Editor/Data/Resources/UnitySubsystems
[Subsystems] Discovering subsystems at path D:/Projects/PooUnidadII/Assets
GfxDevice: creating device client; threaded=0
Direct3D:
    Version:  Direct3D 11.0 [level 11.1]
    Renderer: NVIDIA GeForce GTX 1050 Ti (ID=0x1c82)
    Vendor:   
    VRAM:     4018 MB
    Driver:   27.21.14.6089
Initialize mono
Mono path[0] = 'C:/Program Files/Unity/Hub/Editor/2020.3.11f1/Editor/Data/Managed'
Mono path[1] = 'C:/Program Files/Unity/Hub/Editor/2020.3.11f1/Editor/Data/MonoBleedingEdge/lib/mono/unityjit'
Mono config path = 'C:/Program Files/Unity/Hub/Editor/2020.3.11f1/Editor/Data/MonoBleedingEdge/etc'
Using monoOptions --debugger-agent=transport=dt_socket,embedding=1,server=y,suspend=n,address=127.0.0.1:56692
Begin MonoManager ReloadAssembly
Registering precompiled unity dll's ...
Register platform support module: C:/Program Files/Unity/Hub/Editor/2020.3.11f1/Editor/Data/PlaybackEngines/WindowsStandaloneSupport/UnityEditor.WindowsStandalone.Extensions.dll
Registered in 0.002318 seconds.
Native extension for WindowsStandalone target not found
Refreshing native plugins compatible for Editor in 49.82 ms, found 3 plugins.
Preloading 0 native plugins for Editor in 0.00 ms.
Mono: successfully reloaded assembly
- Completed reload, in  2.880 seconds
Platform modules already initialized, skipping
Registering precompiled user dll's ...
Registered in 0.003455 seconds.
Begin MonoManager ReloadAssembly
Native extension for WindowsStandalone target not found
Refreshing native plugins compatible for Editor in 49.48 ms, found 3 plugins.
Preloading 0 native plugins for Editor in 0.00 ms.
Mono: successfully reloaded assembly
- Completed reload, in  1.551 seconds
Platform modules already initialized, skipping
========================================================================
Worker process is ready to serve import requests
Launched and connected shader compiler UnityShaderCompiler.exe after 0.07 seconds
Refreshing native plugins compatible for Editor in 0.68 ms, found 3 plugins.
Preloading 0 native plugins for Editor in 0.00 ms.
Unloading 2086 Unused Serialized files (Serialized files now loaded: 0)
System memory in use before: 93.1 MB.
System memory in use after: 93.0 MB.

Unloading 33 unused Assets to reduce memory usage. Loaded Objects now: 2519.
Total: 2.426900 ms (FindLiveObjects: 0.216200 ms CreateObjectMapping: 0.094900 ms MarkObjects: 1.985100 ms  DeleteObjects: 0.129900 ms)

========================================================================
Received Import Request.
  path: Assets/Scripts/Sesion7/Enemy.cs
  artifactKey: Guid(d285365319bd1bd4da4db72537e5c458) Importer(815301076,1909f56bfc062723c751e8b465ee728b)
Start importing Assets/Scripts/Sesion7/Enemy.cs using Guid(d285365319bd1bd4da4db72537e5c458) Importer(815301076,1909f56bfc062723c751e8b465ee728b)  -> (artifact id: 'ebc17f8a16493f38790fbf6c3965b91a') in 0.185822 seconds
  Import took 0.190203 seconds .

========================================================================
Received Import Request.
  Time since last request: 1.709372 seconds.
  path: Assets/Prefabs/Sesion7/Enemy.prefab
  artifactKey: Guid(ddedf3b9432e7b14f85f009912dd0655) Importer(815301076,1909f56bfc062723c751e8b465ee728b)
Start importing Assets/Prefabs/Sesion7/Enemy.prefab using Guid(ddedf3b9432e7b14f85f009912dd0655) Importer(815301076,1909f56bfc062723c751e8b465ee728b)  -> (artifact id: 'bd000cb496c17c17c60337287d09a668') in 0.035672 seconds
  Import took 0.040523 seconds .

========================================================================
Received Prepare
Registering precompiled user dll's ...
Registered in 0.003510 seconds.
Begin MonoManager ReloadAssembly
Native extension for WindowsStandalone target not found
Refreshing native plugins compatible for Editor in 0.59 ms, found 3 plugins.
Preloading 0 native plugins for Editor in 0.00 ms.
Mono: successfully reloaded assembly
- Completed reload, in  1.219 seconds
Platform modules already initialized, skipping
Refreshing native plugins compatible for Editor in 0.73 ms, found 3 plugins.
Preloading 0 native plugins for Editor in 0.00 ms.
Unloading 2081 Unused Serialized files (Serialized files now loaded: 0)
System memory in use before: 93.0 MB.
System memory in use after: 93.0 MB.

Unloading 21 unused Assets to reduce memory usage. Loaded Objects now: 2523.
Total: 3.611400 ms (FindLiveObjects: 0.351300 ms CreateObjectMapping: 0.116600 ms MarkObjects: 2.988500 ms  DeleteObjects: 0.153700 ms)

========================================================================
Received Import Request.
  Time since last request: 2077.752111 seconds.
  path: Assets/Scripts/Sesion7/Character.cs
  artifactKey: Guid(94471a1750e6b32409d663f1c563d741) Importer(815301076,1909f56bfc062723c751e8b465ee728b)
Start importing Assets/Scripts/Sesion7/Character.cs using Guid(94471a1750e6b32409d663f1c563d741) Importer(815301076,1909f56bfc062723c751e8b465ee728b)  -> (artifact id: '9edce81c83ef1fb82e727aeb86f1757a') in 0.012996 seconds
  Import took 0.017102 seconds .

